<?xml version="1.0" encoding="UTF-8"?>
<testng-results ignored="0" total="1" passed="1" failed="0" skipped="0">
  <reporter-output>
  </reporter-output>
  <suite started-at="2022-02-02T17:48:14 IST" name="Default suite" finished-at="2022-02-02T17:48:34 IST" duration-ms="19831">
    <groups>
    </groups>
    <test started-at="2022-02-02T17:48:14 IST" name="Default test" finished-at="2022-02-02T17:48:34 IST" duration-ms="19831">
      <class name="TestCases.LoginTestcase">
        <test-method is-config="true" signature="openapp()[pri:0, instance:TestCases.LoginTestcase@18d87d80]" started-at="2022-02-02T17:48:14 IST" name="openapp" finished-at="2022-02-02T17:48:33 IST" duration-ms="19061" status="PASS">
          <reporter-output>
          </reporter-output>
        </test-method> <!-- openapp -->
        <test-method signature="login()[pri:0, instance:TestCases.LoginTestcase@18d87d80]" started-at="2022-02-02T17:48:33 IST" name="login" finished-at="2022-02-02T17:48:33 IST" duration-ms="195" status="PASS">
          <reporter-output>
          </reporter-output>
        </test-method> <!-- login -->
        <test-method is-config="true" signature="teardown()[pri:0, instance:TestCases.LoginTestcase@18d87d80]" started-at="2022-02-02T17:48:33 IST" name="teardown" finished-at="2022-02-02T17:48:34 IST" duration-ms="550" status="PASS">
          <reporter-output>
          </reporter-output>
        </test-method> <!-- teardown -->
      </class> <!-- TestCases.LoginTestcase -->
    </test> <!-- Default test -->
  </suite> <!-- Default suite -->
</testng-results>
